<?xml version="1.0" encoding="UTF-8"?>
<!-- Generated by org.testng.reporters.JUnitReportReporter -->
<testsuite hostname="DEC1458" failures="0" tests="5" name="com.qa.testcases.EditLocationTest" time="138.771" errors="0" timestamp="2024-10-14T14:45:07 IST" skipped="0">
  <testcase classname="com.qa.testcases.EditLocationTest" name="validateEmployeePageUrlTest" time="0.007"/>
  <testcase classname="com.qa.testcases.EditLocationTest" name="LocationTest" time="25.624"/>
  <testcase classname="com.qa.testcases.EditLocationTest" name="LocationEditTest" time="26.880"/>
  <testcase classname="com.qa.testcases.EditLocationTest" name="LocationViewTest" time="45.338"/>
  <testcase classname="com.qa.testcases.EditLocationTest" name="DeletelocationTest" time="40.922"/>
</testsuite> <!-- com.qa.testcases.EditLocationTest -->
