<?xml version="1.0" encoding="UTF-8"?>
<!-- Generated by org.testng.reporters.JUnitReportReporter -->
<testsuite hostname="DEC1458" failures="0" tests="3" name="com.qa.testcases.DashboardfunctionrolepageTest" time="48.056" errors="0" timestamp="2024-09-27T11:58:49 IST" skipped="0">
  <testcase classname="com.qa.testcases.DashboardfunctionrolepageTest" name="ClickFunctionrolecardTest" time="7.063"/>
  <testcase classname="com.qa.testcases.DashboardfunctionrolepageTest" name="validateFunctionPageUrlTest" time="0.013"/>
  <testcase classname="com.qa.testcases.DashboardfunctionrolepageTest" name="AddFunctionroleTest" time="40.980"/>
</testsuite> <!-- com.qa.testcases.DashboardfunctionrolepageTest -->
