<?xml version="1.0" encoding="UTF-8"?>
<!-- Generated by org.testng.reporters.JUnitReportReporter -->
<testsuite hostname="DEC1458" failures="0" tests="3" name="com.qa.testcases.AddFunctionRolePageTest" time="80.574" errors="0" timestamp="2024-10-14T14:45:07 IST" skipped="0">
  <testcase classname="com.qa.testcases.AddFunctionRolePageTest" name="ClickFunctionrolecardTest" time="9.150"/>
  <testcase classname="com.qa.testcases.AddFunctionRolePageTest" name="validateFunctionPageUrlTest" time="0.032"/>
  <testcase classname="com.qa.testcases.AddFunctionRolePageTest" name="AddFunctionroleTest" time="71.392"/>
</testsuite> <!-- com.qa.testcases.AddFunctionRolePageTest -->
