<?xml version="1.0" encoding="UTF-8"?>
<!-- Generated by org.testng.reporters.JUnitReportReporter -->
<testsuite hostname="DEC1458" failures="0" tests="3" name="com.qa.testcases.FunctionRolePageTest" time="58.136" errors="0" timestamp="2024-09-30T18:42:38 IST" skipped="0">
  <testcase classname="com.qa.testcases.FunctionRolePageTest" name="ClickFunctionrolecardTest" time="7.088"/>
  <testcase classname="com.qa.testcases.FunctionRolePageTest" name="validateFunctionPageUrlTest" time="0.016"/>
  <testcase classname="com.qa.testcases.FunctionRolePageTest" name="AddFunctionroleTest" time="51.032"/>
</testsuite> <!-- com.qa.testcases.FunctionRolePageTest -->
