<?xml version="1.0" encoding="UTF-8"?>
<!-- Generated by org.testng.reporters.JUnitReportReporter -->
<testsuite hostname="DEC1458" failures="0" tests="3" name="com.qa.testcases.AddemployeeTest" time="221.256" errors="0" timestamp="2024-10-14T14:45:07 IST" skipped="0">
  <testcase classname="com.qa.testcases.AddemployeeTest" name="validateEmployeePageUrlTest" time="0.013"/>
  <testcase classname="com.qa.testcases.AddemployeeTest" name="addEmployeeTest" time="16.231"/>
  <testcase classname="com.qa.testcases.AddemployeeTest" name="employeeCardTest" time="205.012"/>
</testsuite> <!-- com.qa.testcases.AddemployeeTest -->
