<?xml version="1.0" encoding="UTF-8"?>
<!-- Generated by org.testng.reporters.JUnitReportReporter -->
<testsuite hostname="DEC1458" failures="0" tests="3" name="com.qa.testcases.EditFunctionTest" time="159.392" errors="0" timestamp="2024-10-14T14:45:07 IST" skipped="0">
  <testcase classname="com.qa.testcases.EditFunctionTest" name="EditFunctionSearchAndEditTest" time="21.428"/>
  <testcase classname="com.qa.testcases.EditFunctionTest" name="EditFunctionsTest" time="109.200"/>
  <testcase classname="com.qa.testcases.EditFunctionTest" name="EditFunctionDeleteTest" time="28.764"/>
</testsuite> <!-- com.qa.testcases.EditFunctionTest -->
