<?xml version="1.0" encoding="UTF-8"?>
<!-- Generated by org.testng.reporters.JUnitReportReporter -->
<testsuite hostname="DEC1458" failures="0" tests="5" name="com.qa.testcases.EditFunctionRoleTest" time="165.789" errors="0" timestamp="2024-10-14T14:45:07 IST" skipped="0">
  <testcase classname="com.qa.testcases.EditFunctionRoleTest" name="verifyTitleTest" time="0.007"/>
  <testcase classname="com.qa.testcases.EditFunctionRoleTest" name="verifyUrlTest" time="0.010"/>
  <testcase classname="com.qa.testcases.EditFunctionRoleTest" name="searchEditFunctionRoleTest" time="62.830"/>
  <testcase classname="com.qa.testcases.EditFunctionRoleTest" name="viewEditFunctionRoleTest" time="61.883"/>
  <testcase classname="com.qa.testcases.EditFunctionRoleTest" name="deleteFunctionRoleTest" time="41.059"/>
</testsuite> <!-- com.qa.testcases.EditFunctionRoleTest -->
