<?xml version="1.0" encoding="UTF-8"?>
<!-- Generated by org.testng.reporters.JUnitReportReporter -->
<testsuite hostname="DEC1458" failures="0" tests="4" name="com.qa.testcases.AddfunctionpageTest" time="56.362" errors="0" timestamp="2024-10-14T14:45:07 IST" skipped="0">
  <testcase classname="com.qa.testcases.AddfunctionpageTest" name="FunctionPageUrlTest" time="9.159"/>
  <testcase classname="com.qa.testcases.AddfunctionpageTest" name="FunctioncardTest" time="9.132"/>
  <testcase classname="com.qa.testcases.AddfunctionpageTest" name="FunctionnameTest" time="27.830"/>
  <testcase classname="com.qa.testcases.AddfunctionpageTest" name="FunctionAddTest" time="10.241"/>
</testsuite> <!-- com.qa.testcases.AddfunctionpageTest -->
