<?xml version="1.0" encoding="UTF-8"?>
<!-- Generated by org.testng.reporters.JUnitReportReporter -->
<testsuite hostname="DEC1458" failures="0" tests="4" name="com.qa.testcases.AddemployeeTest2" time="437.391" errors="0" timestamp="2024-10-14T14:45:07 IST" skipped="0">
  <testcase classname="com.qa.testcases.AddemployeeTest2" name="validateEmployeePageUrlTest1" time="0.014"/>
  <testcase classname="com.qa.testcases.AddemployeeTest2" name="addEmployeeTest1" time="14.103"/>
  <testcase classname="com.qa.testcases.AddemployeeTest2" name="testAddEmployee1" time="211.378"/>
  <testcase classname="com.qa.testcases.AddemployeeTest2" name="testAddEmployee1" time="211.896"/>
</testsuite> <!-- com.qa.testcases.AddemployeeTest2 -->
