<?xml version="1.0" encoding="UTF-8"?>
<!-- Generated by org.testng.reporters.JUnitReportReporter -->
<testsuite hostname="DEC1458" failures="0" tests="4" name="com.qa.testcases.EditEmployeeTest" time="138.296" errors="0" timestamp="2024-10-14T14:45:07 IST" skipped="0">
  <testcase classname="com.qa.testcases.EditEmployeeTest" name="validateEmployeePageUrlTest" time="0.009"/>
  <testcase classname="com.qa.testcases.EditEmployeeTest" name="ViewEmployeeTest" time="57.366"/>
  <testcase classname="com.qa.testcases.EditEmployeeTest" name="EditEmployeesTest" time="48.185"/>
  <testcase classname="com.qa.testcases.EditEmployeeTest" name="DeleteEmployeeTest" time="32.736"/>
</testsuite> <!-- com.qa.testcases.EditEmployeeTest -->
