<?xml version="1.0" encoding="UTF-8"?>
<!-- Generated by org.testng.reporters.JUnitReportReporter -->
<testsuite hostname="DEC1458" failures="0" tests="4" name="com.qa.testcases.DashboardpageTest" time="9.154" errors="0" timestamp="2024-10-14T14:45:07 IST" skipped="0">
  <testcase classname="com.qa.testcases.DashboardpageTest" name="validateDashboardpageUrlTest" time="0.009"/>
  <testcase classname="com.qa.testcases.DashboardpageTest" name="validateDashboardpageTitleTest" time="0.011"/>
  <testcase classname="com.qa.testcases.DashboardpageTest" name="functionDisplayed" time="0.028"/>
  <testcase classname="com.qa.testcases.DashboardpageTest" name="FunctioncardTest" time="9.106"/>
</testsuite> <!-- com.qa.testcases.DashboardpageTest -->
