<?xml version="1.0" encoding="UTF-8"?>
<!-- Generated by org.testng.reporters.JUnitReportReporter -->
<testsuite hostname="DEC1458" failures="0" tests="1" name="com.qa.testcases.AddlocationpageTest" time="92.890" errors="0" timestamp="2024-10-14T14:45:07 IST" skipped="0">
  <testcase classname="com.qa.testcases.AddlocationpageTest" name="AddLocationTest" time="92.890"/>
</testsuite> <!-- com.qa.testcases.AddlocationpageTest -->
