<?xml version="1.0" encoding="UTF-8"?>
<!-- Generated by org.testng.reporters.JUnitReportReporter -->
<testsuite hostname="DEC1458" failures="0" tests="2" name="com.qa.testcases.LoginPageTest2" time="76.295" errors="0" timestamp="2023-08-03T12:23:06 IST" skipped="0">
  <testcase classname="com.qa.testcases.LoginPageTest2" name="loginTest" time="24.568"/>
  <system-out/>
  <testcase classname="com.qa.testcases.LoginPageTest2" name="loginTest1" time="51.727"/>
  <system-out/>
</testsuite> <!-- com.qa.testcases.LoginPageTest2 -->
